<?xml version="1.0" encoding="UTF-8"?>
<testng-results ignored="0" total="2" passed="2" failed="0" skipped="0">
  <reporter-output>
  </reporter-output>
  <suite started-at="2023-05-03T12:17:31 CDT" name="Suite" finished-at="2023-05-03T12:19:18 CDT" duration-ms="107052">
    <groups>
    </groups>
    <test started-at="2023-05-03T12:17:31 CDT" name="ChromeTest" finished-at="2023-05-03T12:18:25 CDT" duration-ms="54007">
      <class name="testsenarios.NewTest_3">
        <test-method is-config="true" signature="sonia_1(java.lang.String)[pri:0, instance:testsenarios.NewTest_3@5677323c]" started-at="2023-05-03T12:17:31 CDT" name="sonia_1" finished-at="2023-05-03T12:17:35 CDT" duration-ms="3666" status="PASS">
          <params>
            <param index="0">
              <value>
                <![CDATA[Chrome]]>
              </value>
            </param>
          </params>
          <reporter-output>
          </reporter-output>
        </test-method> <!-- sonia_1 -->
        <test-method signature="f()[pri:0, instance:testsenarios.NewTest_3@5677323c]" started-at="2023-05-03T12:17:35 CDT" name="f" finished-at="2023-05-03T12:18:25 CDT" duration-ms="50254" status="PASS">
          <reporter-output>
          </reporter-output>
        </test-method> <!-- f -->
      </class> <!-- testsenarios.NewTest_3 -->
    </test> <!-- ChromeTest -->
    <test started-at="2023-05-03T12:18:25 CDT" name="EdgeTest" finished-at="2023-05-03T12:19:18 CDT" duration-ms="52977">
      <class name="testsenarios.NewTest_3">
        <test-method is-config="true" signature="sonia_1(java.lang.String)[pri:0, instance:testsenarios.NewTest_3@69e153c5]" started-at="2023-05-03T12:18:25 CDT" name="sonia_1" finished-at="2023-05-03T12:18:27 CDT" duration-ms="2350" status="PASS">
          <params>
            <param index="0">
              <value>
                <![CDATA[Edge]]>
              </value>
            </param>
          </params>
          <reporter-output>
          </reporter-output>
        </test-method> <!-- sonia_1 -->
        <test-method signature="f()[pri:0, instance:testsenarios.NewTest_3@69e153c5]" started-at="2023-05-03T12:18:27 CDT" name="f" finished-at="2023-05-03T12:19:18 CDT" duration-ms="50623" status="PASS">
          <reporter-output>
          </reporter-output>
        </test-method> <!-- f -->
      </class> <!-- testsenarios.NewTest_3 -->
    </test> <!-- EdgeTest -->
  </suite> <!-- Suite -->
</testng-results>
